<?xml version="1.0" encoding="UTF-8"?>
<beans:beans xmlns=""
             xmlns:xsi="http://www.w3.org/2001/XMLSchema-instance"
             xmlns:beans="http://www.springframework.org/schema/beans"
             xmlns:context="http://www.springframework.org/schema/context"
             xmlns:mvc="http://www.springframework.org/schema/task"
             xsi:schemaLocation="">

    <mvc:annotation-driven/>

    <context:component-scan base-package="cn.com.ratpack"/>

</beans:beans>